Using pre-set license
Built from '2020.3/release' branch; Version is '2020.3.12f1 (b3b2c6512326) revision 11776710'; Using compiler version '192528614'; Build Type 'Release'
OS: 'Windows 10 Home; OS build 19043.1165; Version 2009; 64bit' Language: 'en' Physical Memory: 2047 MB
BatchMode: 1, IsHumanControllingUs: 0, StartBugReporterOnCrash: 0, Is64bit: 1, IsPro: 0

 COMMAND LINE ARGUMENTS:
C:\Program Files\Unity\Hub\Editor\2020.3.12f1\Editor\Unity.exe
-adb2
-batchMode
-noUpm
-name
AssetImportWorker1
-projectPath
C:/Users/medfo/OneDrive/Documents/GitHub/holbertonschool-unity/0x05-unity-assets_models_textures
-logFile
Logs/AssetImportWorker1.log
-srvPort
51844
Successfully changed project path to: C:/Users/medfo/OneDrive/Documents/GitHub/holbertonschool-unity/0x05-unity-assets_models_textures
C:/Users/medfo/OneDrive/Documents/GitHub/holbertonschool-unity/0x05-unity-assets_models_textures
Using Asset Import Pipeline V2.
Refreshing native plugins compatible for Editor in 88.47 ms, found 2 plugins.
Preloading 0 native plugins for Editor in 0.00 ms.
Initialize engine version: 2020.3.12f1 (b3b2c6512326)
[Subsystems] Discovering subsystems at path C:/Program Files/Unity/Hub/Editor/2020.3.12f1/Editor/Data/Resources/UnitySubsystems
[Subsystems] Discovering subsystems at path C:/Users/medfo/OneDrive/Documents/GitHub/holbertonschool-unity/0x05-unity-assets_models_textures/Assets
GfxDevice: creating device client; threaded=0
Direct3D:
    Version:  Direct3D 11.0 [level 10.1]
    Renderer: NVIDIA GeForce 210  (ID=0xa65)
    Vendor:   
    VRAM:     974 MB
    Driver:   21.21.13.4201
Initialize mono
Mono path[0] = 'C:/Program Files/Unity/Hub/Editor/2020.3.12f1/Editor/Data/Managed'
Mono path[1] = 'C:/Program Files/Unity/Hub/Editor/2020.3.12f1/Editor/Data/MonoBleedingEdge/lib/mono/unityjit'
Mono config path = 'C:/Program Files/Unity/Hub/Editor/2020.3.12f1/Editor/Data/MonoBleedingEdge/etc'
Using monoOptions --debugger-agent=transport=dt_socket,embedding=1,server=y,suspend=n,address=127.0.0.1:56280
Begin MonoManager ReloadAssembly
Registering precompiled unity dll's ...
Register platform support module: C:/Program Files/Unity/Hub/Editor/2020.3.12f1/Editor/Data/PlaybackEngines/WebGLSupport/UnityEditor.WebGL.Extensions.dll
Register platform support module: C:/Program Files/Unity/Hub/Editor/2020.3.12f1/Editor/Data/PlaybackEngines/MacStandaloneSupport/UnityEditor.OSXStandalone.Extensions.dll
Register platform support module: C:/Program Files/Unity/Hub/Editor/2020.3.12f1/Editor/Data/PlaybackEngines/WindowsStandaloneSupport/UnityEditor.WindowsStandalone.Extensions.dll
Register platform support module: C:/Program Files/Unity/Hub/Editor/2020.3.12f1/Editor/Data/PlaybackEngines/LinuxStandaloneSupport/UnityEditor.LinuxStandalone.Extensions.dll
Registered in 0.006437 seconds.
Native extension for LinuxStandalone target not found
Native extension for WindowsStandalone target not found
Native extension for OSXStandalone target not found
Native extension for WebGL target not found
Refreshing native plugins compatible for Editor in 92.24 ms, found 2 plugins.
Preloading 0 native plugins for Editor in 0.00 ms.
Mono: successfully reloaded assembly
- Completed reload, in 16.609 seconds
Platform modules already initialized, skipping
Registering precompiled user dll's ...
Registered in 0.051356 seconds.
Begin MonoManager ReloadAssembly
Native extension for LinuxStandalone target not found
Native extension for WindowsStandalone target not found
Native extension for OSXStandalone target not found
Native extension for WebGL target not found
Refreshing native plugins compatible for Editor in 1.04 ms, found 2 plugins.
Preloading 0 native plugins for Editor in 0.00 ms.
Mono: successfully reloaded assembly
- Completed reload, in  3.254 seconds
Platform modules already initialized, skipping
========================================================================
Worker process is ready to serve import requests
Launched and connected shader compiler UnityShaderCompiler.exe after 0.37 seconds
Refreshing native plugins compatible for Editor in 1.82 ms, found 2 plugins.
Preloading 0 native plugins for Editor in 0.00 ms.
Unloading 1391 Unused Serialized files (Serialized files now loaded: 0)
System memory in use before: 66.0 MB.
System memory in use after: 66.0 MB.

Unloading 19 unused Assets to reduce memory usage. Loaded Objects now: 1826.
Total: 7.137300 ms (FindLiveObjects: 0.434800 ms CreateObjectMapping: 1.681800 ms MarkObjects: 4.799900 ms  DeleteObjects: 0.217100 ms)

AssetImportParameters requested are different than current active one (requested -> active):
  custom:framework-win-MediaFoundation: 216162199b28c13a410421893ffa2e32 -> 
  custom:video-decoder-ogg-theora: a1e56fd34408186e4bbccfd4996cb3dc -> 
  custom:container-muxer-webm: aa71ff27fc2769a1b78a27578f13a17b -> 
  custom:container-demuxer-webm: 4f35f7cbe854078d1ac9338744f61a02 -> 
  custom:container-demuxer-ogg: 62fdf1f143b41e24485cea50d1cbac27 -> 
  custom:video-encoder-webm-vp8: eb34c28f22e8b96e1ab97ce403110664 -> 
  custom:video-decoder-webm-vp8: 9c59270c3fd7afecdb556c50c9e8de78 -> 
  custom:audio-decoder-ogg-vorbis: bf7c407c2cedff20999df2af8eb42d56 -> 
  custom:audio-encoder-webm-vorbis: bf7c407c2cedff20999df2af8eb42d56 -> 
========================================================================
Received Import Request.
  path: Assets/Materials/Models/Flag.fbx
  artifactKey: Guid(626def12a6d5aae4dbc04a94dd4f6ea1) Importer(815301076,1909f56bfc062723c751e8b465ee728b)
Start importing Assets/Materials/Models/Flag.fbx using Guid(626def12a6d5aae4dbc04a94dd4f6ea1) Importer(815301076,1909f56bfc062723c751e8b465ee728b)  -> (artifact id: '4cfc0c82fdf25028870b5989246f0ce1') in 0.721216 seconds 
  Import took 0.748548 seconds .

========================================================================
Received Import Request.
  Time since last request: 156.889345 seconds.
  path: Assets/Flag.png
  artifactKey: Guid(5b4e83a42b391f646919a4fe52c6dda9) Importer(815301076,1909f56bfc062723c751e8b465ee728b)
Start importing Assets/Flag.png using Guid(5b4e83a42b391f646919a4fe52c6dda9) Importer(815301076,1909f56bfc062723c751e8b465ee728b)  -> (artifact id: 'dfd58a2f79a2c0494bd34eda6eeb3d2a') in 0.106552 seconds 
  Import took 0.131187 seconds .

========================================================================
Received Import Request.
  Time since last request: 0.046439 seconds.
  path: Assets/Flag.png
  artifactKey: Guid(5b4e83a42b391f646919a4fe52c6dda9) Importer(815301076,1909f56bfc062723c751e8b465ee728b)
Start importing Assets/Flag.png using Guid(5b4e83a42b391f646919a4fe52c6dda9) Importer(815301076,1909f56bfc062723c751e8b465ee728b)  -> (artifact id: 'dfd58a2f79a2c0494bd34eda6eeb3d2a') in 0.023408 seconds 
  Import took 0.064393 seconds .

========================================================================
Received Import Request.
  Time since last request: 7.986938 seconds.
  path: Assets/Textures
  artifactKey: Guid(1c9d9d0a9453f604d92f4140de6e1b8e) Importer(815301076,1909f56bfc062723c751e8b465ee728b)
Start importing Assets/Textures using Guid(1c9d9d0a9453f604d92f4140de6e1b8e) Importer(815301076,1909f56bfc062723c751e8b465ee728b)  -> (artifact id: '420f09927a268ca7ed56658068c6186f') in 0.011901 seconds 
  Import took 0.039553 seconds .

========================================================================
Received Import Request.
  Time since last request: 146.868486 seconds.
  path: Assets/Materials/Flag.mat
  artifactKey: Guid(bede6d9bc403e7b4b8df8e492aa82096) Importer(815301076,1909f56bfc062723c751e8b465ee728b)
Start importing Assets/Materials/Flag.mat using Guid(bede6d9bc403e7b4b8df8e492aa82096) Importer(815301076,1909f56bfc062723c751e8b465ee728b)  -> (artifact id: '002236a9666a3921cb1c600ea0d2a713') in 0.209292 seconds 
  Import took 0.216944 seconds .

========================================================================
Received Import Request.
  Time since last request: 28.125881 seconds.
  path: Assets/Materials
  artifactKey: Guid(b8f59bdda25cb5444854ea5b92511611) Importer(815301076,1909f56bfc062723c751e8b465ee728b)
Start importing Assets/Materials using Guid(b8f59bdda25cb5444854ea5b92511611) Importer(815301076,1909f56bfc062723c751e8b465ee728b)  -> (artifact id: 'b610ad7d350f06405c9eb8662ec7dc4f') in 0.041987 seconds 
  Import took 0.066795 seconds .

========================================================================
Received Import Request.
  Time since last request: 5.606942 seconds.
  path: Assets/Materials/New Flare.flare
  artifactKey: Guid(f0395c432452f6b4db3f6d8b91408419) Importer(815301076,1909f56bfc062723c751e8b465ee728b)
Start importing Assets/Materials/New Flare.flare using Guid(f0395c432452f6b4db3f6d8b91408419) Importer(815301076,1909f56bfc062723c751e8b465ee728b)  -> (artifact id: '853aefc4293b83e3806a02fcca837343') in 0.058851 seconds 
  Import took 0.091934 seconds .

========================================================================
Received Import Request.
  Time since last request: 11.407789 seconds.
  path: Assets/Materials/Flag 1.mat
  artifactKey: Guid(7efebaed0c993694ea0d725fb400b9c2) Importer(815301076,1909f56bfc062723c751e8b465ee728b)
Start importing Assets/Materials/Flag 1.mat using Guid(7efebaed0c993694ea0d725fb400b9c2) Importer(815301076,1909f56bfc062723c751e8b465ee728b)  -> (artifact id: '10fbdff2cc588f3e38cdc663c2c1d925') in 0.190236 seconds 
  Import took 0.221663 seconds .

========================================================================
Received Import Request.
  Time since last request: 1012.999332 seconds.
  path: Assets/Materials/Skyboxes/CloudyCrown_02_Evening
  artifactKey: Guid(16d938f89ad8ac349a0d44a6124db315) Importer(815301076,1909f56bfc062723c751e8b465ee728b)
Start importing Assets/Materials/Skyboxes/CloudyCrown_02_Evening using Guid(16d938f89ad8ac349a0d44a6124db315) Importer(815301076,1909f56bfc062723c751e8b465ee728b)  -> (artifact id: 'b6ea0f463a61c41b06dad3b8b0f7e60c') in 0.055240 seconds 
  Import took 0.124507 seconds .

========================================================================
Received Import Request.
  Time since last request: 1.554995 seconds.
  path: Assets/Materials/Skyboxes/CloudyCrown_02_Evening/Textures/CloudyCrown_Evening_Front.png
  artifactKey: Guid(1333dafd22b43974091d9c55f2169cde) Importer(815301076,1909f56bfc062723c751e8b465ee728b)
Start importing Assets/Materials/Skyboxes/CloudyCrown_02_Evening/Textures/CloudyCrown_Evening_Front.png using Guid(1333dafd22b43974091d9c55f2169cde) Importer(815301076,1909f56bfc062723c751e8b465ee728b)  -> (artifact id: 'ebeffd6c12cd7765eb57f1bdd633b143') in 0.300530 seconds 
  Import took 0.308351 seconds .

========================================================================
Received Import Request.
  Time since last request: 0.000425 seconds.
  path: Assets/Materials/Skyboxes/CloudyCrown_02_Evening/Textures/CloudyCrown_Evening_Right.png
  artifactKey: Guid(f33d9e3a86071394c83b568257570dd5) Importer(815301076,1909f56bfc062723c751e8b465ee728b)
Start importing Assets/Materials/Skyboxes/CloudyCrown_02_Evening/Textures/CloudyCrown_Evening_Right.png using Guid(f33d9e3a86071394c83b568257570dd5) Importer(815301076,1909f56bfc062723c751e8b465ee728b)  -> (artifact id: '42b44d517f0996fb77e9ac3e5f992dbb') in 0.049260 seconds 
  Import took 0.083825 seconds .

========================================================================
Received Import Request.
  Time since last request: 0.000391 seconds.
  path: Assets/Materials/Skyboxes/CloudyCrown_02_Evening/Textures/CloudyCrown_Evening_Back.png
  artifactKey: Guid(87bee338d047997489ce40bc10f18466) Importer(815301076,1909f56bfc062723c751e8b465ee728b)
Start importing Assets/Materials/Skyboxes/CloudyCrown_02_Evening/Textures/CloudyCrown_Evening_Back.png using Guid(87bee338d047997489ce40bc10f18466) Importer(815301076,1909f56bfc062723c751e8b465ee728b)  -> (artifact id: '4a61dc9849d2e314a9c87b483bda0be0') in 0.040189 seconds 
  Import took 0.076151 seconds .

========================================================================
Received Import Request.
  Time since last request: 0.000450 seconds.
  path: Assets/Materials/Skyboxes/CloudyCrown_02_Evening/Textures/CloudyCrown_Evening_Down.png
  artifactKey: Guid(1fe26ef1655e3424b8a9a77e4ef0523d) Importer(815301076,1909f56bfc062723c751e8b465ee728b)
Start importing Assets/Materials/Skyboxes/CloudyCrown_02_Evening/Textures/CloudyCrown_Evening_Down.png using Guid(1fe26ef1655e3424b8a9a77e4ef0523d) Importer(815301076,1909f56bfc062723c751e8b465ee728b)  -> (artifact id: '6bfd0d373ef292799758b9386a5ea041') in 0.066459 seconds 
  Import took 0.089194 seconds .

========================================================================
Received Import Request.
  Time since last request: 0.000456 seconds.
  path: Assets/Materials/Skyboxes/CloudyCrown_02_Evening/Textures/CloudyCrown_Evening_Left.png
  artifactKey: Guid(90494e0797812be488f2fbe703461966) Importer(815301076,1909f56bfc062723c751e8b465ee728b)
Start importing Assets/Materials/Skyboxes/CloudyCrown_02_Evening/Textures/CloudyCrown_Evening_Left.png using Guid(90494e0797812be488f2fbe703461966) Importer(815301076,1909f56bfc062723c751e8b465ee728b)  -> (artifact id: 'ee169ec800628e1d18e9fd56dfce2182') in 0.039676 seconds 
  Import took 0.046644 seconds .

========================================================================
Received Import Request.
  Time since last request: 0.000375 seconds.
  path: Assets/Materials/Skyboxes/CloudyCrown_02_Evening/Textures/CloudyCrown_Evening_Up.png
  artifactKey: Guid(3157d3aa6a8bd694e9cc4c05e3303c06) Importer(815301076,1909f56bfc062723c751e8b465ee728b)
Start importing Assets/Materials/Skyboxes/CloudyCrown_02_Evening/Textures/CloudyCrown_Evening_Up.png using Guid(3157d3aa6a8bd694e9cc4c05e3303c06) Importer(815301076,1909f56bfc062723c751e8b465ee728b)  -> (artifact id: '0c45a52fe224bf16ff03a4464eb44183') in 0.075711 seconds 
  Import took 0.083322 seconds .

========================================================================
Received Prepare
Registering precompiled user dll's ...
Registered in 0.170056 seconds.
Begin MonoManager ReloadAssembly
Native extension for LinuxStandalone target not found
Native extension for WindowsStandalone target not found
Native extension for OSXStandalone target not found
Native extension for WebGL target not found
Refreshing native plugins compatible for Editor in 0.91 ms, found 2 plugins.
Preloading 0 native plugins for Editor in 0.00 ms.
Mono: successfully reloaded assembly
- Completed reload, in 21.639 seconds
Platform modules already initialized, skipping
Refreshing native plugins compatible for Editor in 0.99 ms, found 2 plugins.
Preloading 0 native plugins for Editor in 0.00 ms.
Unloading 1386 Unused Serialized files (Serialized files now loaded: 0)
System memory in use before: 69.4 MB.
System memory in use after: 69.4 MB.

Unloading 15 unused Assets to reduce memory usage. Loaded Objects now: 1873.
Total: 34.523800 ms (FindLiveObjects: 0.575100 ms CreateObjectMapping: 0.151100 ms MarkObjects: 33.629900 ms  DeleteObjects: 0.161500 ms)

AssetImportParameters requested are different than current active one (requested -> active):
  custom:framework-win-MediaFoundation: 216162199b28c13a410421893ffa2e32 -> 
  custom:video-decoder-ogg-theora: a1e56fd34408186e4bbccfd4996cb3dc -> 
  custom:container-muxer-webm: aa71ff27fc2769a1b78a27578f13a17b -> 
  custom:container-demuxer-webm: 4f35f7cbe854078d1ac9338744f61a02 -> 
  custom:container-demuxer-ogg: 62fdf1f143b41e24485cea50d1cbac27 -> 
  custom:video-encoder-webm-vp8: eb34c28f22e8b96e1ab97ce403110664 -> 
  custom:video-decoder-webm-vp8: 9c59270c3fd7afecdb556c50c9e8de78 -> 
  custom:audio-decoder-ogg-vorbis: bf7c407c2cedff20999df2af8eb42d56 -> 
  custom:audio-encoder-webm-vorbis: bf7c407c2cedff20999df2af8eb42d56 -> 
